Flutter crash report.
Please report a bug at https://github.com/flutter/flutter/issues.

## command

flutter --quiet assemble --no-version-check --depfile D:\courses\flutter\project\meal_app\build\app\intermediates\flutter\debug/flutter_build.d --output D:\courses\flutter\project\meal_app\build\app\intermediates\flutter\debug -dTargetFile=D:\courses\flutter\project\meal_app\lib\main.dart -dTargetPlatform=android -dBuildMode=debug -dTrackWidgetCreation=true --DartDefines=Zmx1dHRlci5pbnNwZWN0b3Iuc3RydWN0dXJlZEVycm9ycz10cnVl,RkxVVFRFUl9XRUJfQVVUT19ERVRFQ1Q9dHJ1ZQ== debug_android_application

## exception

FileSystemException: FileSystemException: Cannot delete file, path = 'D:\courses\flutter\project\meal_app\build\app\intermediates\flutter\debug\flutter_assets\vm_snapshot_data' (OS Error: Access is denied.
, errno = 5)

```
#0      _File.throwIfError (dart:io/file_impl.dart:635:7)
#1      _File._deleteSync (dart:io/file_impl.dart:298:5)
#2      FileSystemEntity.deleteSync (dart:io/file_system_entity.dart:408:7)
#3      ForwardingFileSystemEntity.deleteSync (package:file/src/forwarding/forwarding_file_system_entity.dart:70:16)
#4      ForwardingFileSystemEntity.deleteSync (package:file/src/forwarding/forwarding_file_system_entity.dart:70:16)
#5      ErrorHandlingFileSystem.deleteIfExists (package:flutter_tools/src/base/error_handling_io.dart:82:12)
#6      FlutterBuildSystem.trackSharedBuildDirectory (package:flutter_tools/src/build_system/build_system.dart:731:33)
#7      FlutterBuildSystem.build (package:flutter_tools/src/build_system/build_system.dart:619:5)
<asynchronous suspension>
#8      AssembleCommand.runCommand (package:flutter_tools/src/commands/assemble.dart:318:32)
<asynchronous suspension>
#9      FlutterCommand.run.<anonymous closure> (package:flutter_tools/src/runner/flutter_command.dart:1043:27)
<asynchronous suspension>
#10     AppContext.run.<anonymous closure> (package:flutter_tools/src/base/context.dart:150:19)
<asynchronous suspension>
#11     CommandRunner.runCommand (package:args/command_runner.dart:196:13)
<asynchronous suspension>
#12     FlutterCommandRunner.runCommand.<anonymous closure> (package:flutter_tools/src/runner/flutter_command_runner.dart:284:9)
<asynchronous suspension>
#13     AppContext.run.<anonymous closure> (package:flutter_tools/src/base/context.dart:150:19)
<asynchronous suspension>
#14     FlutterCommandRunner.runCommand (package:flutter_tools/src/runner/flutter_command_runner.dart:232:5)
<asynchronous suspension>
#15     run.<anonymous closure>.<anonymous closure> (package:flutter_tools/runner.dart:62:9)
<asynchronous suspension>
#16     AppContext.run.<anonymous closure> (package:flutter_tools/src/base/context.dart:150:19)
<asynchronous suspension>
#17     main (package:flutter_tools/executable.dart:91:3)
<asynchronous suspension>
```

## flutter doctor

```
[✓] Flutter (Channel stable, 2.2.2, on Microsoft Windows [Version 10.0.19042.572], locale en-US)
    • Flutter version 2.2.2 at C:\src\flutter
    • Framework revision d79295af24 (2 days ago), 2021-06-11 08:56:01 -0700
    • Engine revision 91c9fc8fe0
    • Dart version 2.13.3

[!] Android toolchain - develop for Android devices (Android SDK version 30.0.3)
    • Android SDK at C:/Users/abo-yaseen/AppData/Local/Android/Sdk
    • Platform android-30, build-tools 30.0.3
    • ANDROID_HOME = C:/Users/abo-yaseen/AppData/Local/Android/Sdk
    • Java binary at: C:\Program Files\Android\Android Studio\jre\bin\java
    • Java version OpenJDK Runtime Environment (build 1.8.0_242-release-1644-b01)
    ! Some Android licenses not accepted.  To resolve this, run: flutter doctor --android-licenses

[✓] Chrome - develop for the web
    • Chrome at C:\Program Files\Google\Chrome\Application\chrome.exe

[✓] Android Studio (version 4.0)
    • Android Studio at C:\Program Files\Android\Android Studio
    • Flutter plugin version 51.0.1
    • Dart plugin version 193.7547
    • Java version OpenJDK Runtime Environment (build 1.8.0_242-release-1644-b01)

[✓] VS Code (version 1.56.2)
    • VS Code at C:\Users\abo-yaseen\AppData\Local\Programs\Microsoft VS Code
    • Flutter extension version 3.2.0

[✓] Connected device (4 available)
    • Redmi Note 7 (mobile)       • 11e036f5      • android-arm64  • Android 10 (API 29)
    • sdk gphone x86 arm (mobile) • emulator-5554 • android-x86    • Android 11 (API 30) (emulator)
    • Chrome (web)                • chrome        • web-javascript • Google Chrome 91.0.4472.77
    • Edge (web)                  • edge          • web-javascript • Microsoft Edge 84.0.522.52

! Doctor found issues in 1 category.
```
